
[2025-05-22T09:13:58.077Z] GET /ruta1
[2025-05-22T09:13:59.691Z] GET /ruta1
[2025-05-22T11:23:06.470Z] GET /ruta1
[2025-05-22T11:23:07.897Z] GET /ruta1
[2025-05-22T11:23:08.913Z] GET /ruta1
[2025-05-22T11:27:40.399Z] GET /
[2025-05-22T11:27:40.460Z] GET /favicon.ico
[2025-05-22T11:27:46.507Z] GET /ruta1
[2025-05-22T17:08:15.617Z] GET /ruta1
[2025-05-22T17:09:06.784Z] GET /ruta1
[2025-05-22T17:11:20.961Z] GET /ruta1
[2025-05-22T17:22:46.436Z] GET /ruta1
[2025-05-22T17:27:10.796Z] GET /ruta1
[2025-05-22T17:27:29.033Z] GET /ruta1
[2025-05-22T17:28:52.099Z] GET /ruta1
[2025-05-22T17:29:12.737Z] GET /ruta1
[2025-05-22T17:29:13.958Z] GET /ruta1
[2025-05-22T17:29:20.729Z] GET /ruta5
[2025-05-22T17:43:34.520Z] [INFO] GET /ruta1
[2025-05-22T17:43:55.373Z] [INFO] GET /ruta5
[2025-05-22T17:43:55.374Z] [WARN] Ruta no encontrada: /ruta5
[2025-05-22T17:44:03.721Z] [INFO] GET /
[2025-05-22T17:44:03.722Z] [WARN] Ruta no encontrada: /
[2025-05-22T17:44:07.355Z] [INFO] GET /de3
[2025-05-22T17:44:07.356Z] [WARN] Ruta no encontrada: /de3
[2025-05-22T17:45:55.705Z] [INFO] GET /de3
[2025-05-22T17:45:55.709Z] [WARN] Ruta no encontrada: /de3
[2025-05-22T17:46:01.238Z] [INFO] GET /de3
[2025-05-22T17:46:01.238Z] [WARN] Ruta no encontrada: /de3
[2025-05-22T17:46:12.140Z] [INFO] GET /ruta1
[2025-05-22T17:48:46.050Z] [INFO] GET /ruta2
[2025-05-22T17:48:51.200Z] [INFO] GET /ruta1
